  197  # Install camera library
  198  if test $LOCAL_OS == "Raspbian"; then
  199      sudo -u $ORIGINAL_USER -- python3 -c "import picamera" > /dev/null 2>&1;     if test $? == 0;     then         echo "Picamera already installed. Upgrading.";         apt-get upgrade python3-picamera;     else         apt-get install python3-picamera;     fi; else
  200      sudo -u $ORIGINAL_USER -- python3 -c "import cv2" > /dev/null 2>&1;     if test $? == 0;     then         echo "Open CV already installed.";     else         sudo -u $ORIGINAL_USER -- python3 -m pip install --user opencv-python;     fi; fi
  201  # Check for tensorflow and install if needed
  202  sudo -u $ORIGINAL_USER -- python3 -c "import tensorflow" > /dev/null 2>&1
  203  if test $? == 0; then     echo "Tensorflow already installed."; else     if test $LOCAL_OS == "Raspbian";     then         apt-get install gfortran;         apt-get install libhdf5-dev libc-ares-dev libeigen3-dev;         apt-get install libatlas-base-dev libopenblas-dev libblas-dev;         apt-get install liblapack-dev cython;         sudo -u $ORIGINAL_USER -- python3 -m pip install --user pybind11;         sudo -u $ORIGINAL_USER -- python3 -m pip install --user h5py;         sudo -u $ORIGINAL_USER -- python3 -m pip install --user gdown;         cp /home/$ORIGINAL_USER/.local/bin/gdown /usr/local/bin/gdown;         gdown https://drive.google.com/uc?id=11mujzVaFqa7R1_lB7q0kVPW22Ol51MPg;         sudo -u $ORIGINAL_USER  -H python3 -m pip install --user tensorflow-2.2.0-cp37-cp37m-linux_armv7l.whl;         rm tensorflow-2.2.0-cp37-cp37m-linux_armv7l.whl;     else         sudo -u $ORIGINAL_USER python3 -m pip install --user -Iv tensorflow==2.2.0;     fi; fi
  204  # Make a folder to hold the project
  205  sudo -u $ORIGINAL_USER -- mkdir ./rps_by_hand
  206  # Get the starter code
  207  if test $LOCAL_OS == "Raspbian"; then     sudo -u $ORIGINAL_USER -- curl $RASPBERRY_PI_PROJECT_STARTER_CODE > ./rps_by_hand/project.py; else     sudo -u $ORIGINAL_USER -- curl $PROJECT_STARTER_CODE > ./rps_by_hand/project.py; fi
  208  # Make the user the owner of the project file
  209  chown $ORIGINAL_USER ./rps_by_hand/project.py
  210  cd rps_by_hand
  211  nano rps.sh
  212  cd anu
  213  mkdir anu
  214  cd anu
  215  curl -L http://rpf.io/proj-rps | sudo bash -s $USER
  216  bash rps.sh
  217  cd rps_by_hand
  218  python
  219  sudo apt update
  220  sudo apt install docker.io
  221  cd Desktop
  222  mkdir docker_folders
  223  cd docker_folders
  224  touch dockerfile main.py
  225  #!/usr/bin/env python3
  226  FROM python:latest
  227  docker pull python
  228  docker build -t python-test . 
  229  jupyter-notebook 
  230  pip install tensforflow
  231  pip install --upgrade pip
  232  pip install tensforflow
  233  pip --version
  234  tensorboard 
  235  sudo pip show tensorflow
  236  sudo apt cache search tensorflow
  237  sudo apt search tensorflow
  238  python --version
  239  python
  240  cd Downloads/
  241  ls
  242  bash Anaconda3-2022.05-Linux-x86_64.sh 
  243  anaconda-navigator 
  244  pip --help
  245  pip show
  246  pip show tensorflow
  247  pip install tensorflow
  248  jupyter-notebook 
  249  python3 -c "import tensorflow as tf;print(tf.__version__)"
  250  python
  251  sudo apt install nvidia-cuda-toolkit
  252  jupyter-notebook 
  253  cd tensorflow
  254  ls
  255  cd tensorflow-dev
  256  ls
  257  linera_reg
  258  cd linera reg
  259  cd linera
  260  ls
  261  cd linera_
  262  linera_reg
  263  cd linera_reg
  264  jupyter notebook
  265  ls
  266  python list.py
  267  printenv > /tmp/tmp-57946dh7fEms0tesgtxt
  268  python list.py
  269  python list.py
  270  python
  271  python first_proj.py
  272  first_proj.py
  273  sudo dpkg-reconfigure wireshark-common
  274  ls
  275  cd anu/
  276  ls
  277  wireshark wireshark.pcapng 
  278  ls
  279  vi wireshark_file.csv 
  280  wireshark 
  281  sudo su
  282  import
  283  python
  284  10
  285  5
  286  2
  287  -1
  288  9
  289  -1
  290  8
  291  -1
  292  python largestData.py
  293  myobj.__dict__
  294  python oops_ineritance.py
  295  myobj.__dict__
  296  node javascript.js
  297  node javascript.js
  298  node javascript.js
  299  node web.js
  300  node script.js
  301  /home/anushya/ping_pong_game/script.js
  302  node script.js
  303  '/home/anushya/ping_pong_game/script.js'
  304  node script.js
  305  python game.py
  306  python soduku.py
  307  python trial.py
  308  python file.py
  309  python list_trial.py
  310  python lists.py
  311  /bin/python3 /home/anushya/soduku_python_gui/lists.py
  312  cd neels/
  313  ls
  314  c
  315  cd
  316  clear
  317  ls
  318  cd anu/
  319  ls
  320  vim rps.sh
  321  vi rps.sh
  322  sudo apt-get install vim
  323  ls
  324  latex cv.tex 
  325  apt-get update
  326  sudo apt-get update
  327  sudo apt-get install vim
  328  vim
  329  sudo apt-get install texlive-latex-base
  330  ls
  331  cd Documents/
  332  ls
  333  cd resume/
  334  ls
  335  pdflatex cv.tex 
  336  ls
  337  vim cv.log 
  338  sudo apt-get install texlive-latex-base texlive-fonts-recommended texlive-fonts-extra texlive-latex-extra
  339  ls
  340  rm -f cv.log 
  341  ls
  342  pdflatex cv.tex 
  343  ls
  344  clear
  345  ls
  346  evince cv.pdf 
  347  vim cv.tex 
  348  ls
  349  vim generator.py
  350  python generator.py 
  351  python generator.py --help
  352  vim generator.py 
  353  chmod +x generator.py 
  354  ./generator.py 
  355  vim generator.py 
  356  ./generator.py -h
  357  vim generator.py 
  358  ./generator.py --name neels --path . --user_logic .
  359  vim generator.py 
  360  ./generator.py --name neels --path . --user_logic .
  361  vim generator.py 
  362  ./generator.py --name neels --path . --user_logic .
  363  vim generator.py 
  364  ./generator.py --name neels --path . --user_logic .
  365  vim generator.py 
  366  ./generator.py --name neels --path . --user_logic .
  367  vim generator.py 
  368  ./generator.py
  369  vim generator.py 
  370  ./generator.py
  371  vim generator.py 
  372  ./generator.py
  373  ls
  374  vim generator.py 
  375  ./generator.py --name neels --path . --user_logic arbiter
  376  ./generator.py --name arbiter --path . --author neels --user_logic my_arbiter 
  377  ./generator.py --name arbiter --path . --author neels --userlogic my_arbiter 
  378  ls
  379  pwd
  380  ./generator.py --name arbiter --path /home/anushya/Documents/resume/ --author neels --userlogic my_arbiter 
  381  ls
  382  vim generator.py 
  383  ./generator.py --name arbiter --path /home/anushya/Documents/resume/ --author neels --userlogic my_arbiter 
  384  vim generator.py 
  385  sudo apt-get install terminator
  386  terminator 
  387  exit
  388  exit
  389  /home/anushya/python_basics/make.py
  390  python make.py
  391  python -v
  392  /home/anushya/Documents/resume/generator.py
  393  make all
  394  python
  395  /home/anushya/Documents/resume/test/xora1/cover_letter/xor_cover_letter.tex
  396  make clean
  397  make all
  398  make pdf
  399  make clean
  400  make all
  401  make pdf
  402  make clean
  403  clear
  404  ./generator.py --name xor --path . --version a1 --author anushya --userlogic resume --begin begin
  405  cd xora1/cover_letter && pdflatex *.tex
  406  ls
  407  evince xor_cover_letter.pdf 
  408  cd ../../
  409  ls
  410  make clean
  411  clear
  412  make all
  413  make pdf
  414  make clean
  415  clear
  416  make all
  417  make tex
  418  make pdf
  419  cd
  420  ls
  421  cd sandbox/
  422  ls
  423  cd voi/
  424  python voi_ut.py 
  425  python
  426  sudo pip install newspaper
  427  sudo pip install newspaper3k
  428  python
  429  python -v
  430  sudo ip install newspaper3k
  431  sudo pip install newspaper3k
  432  python
  433  gitpass 
  434  exit
  435  /home/anushya/sandbox/voi/dummy_voi.py
  436  python dummy_voi.py 
  437  '/home/anushya/sandbox/voi/dummy_voi.py'
  438  python dummy_voi.py 
  439  '/home/anushya/sandbox/voi/dummy_voi.py'
  440  python dummy_voi.py 
  441  vim /etc/bash.bashrc 
  442  cd sandbox/
  443  ls
  444  mkdir github
  445  ls
  446  cd github/
  447  ls
  448  git clone https://github.com/anushyanu/python_projects.git
  449  ls
  450  cd python_projects/
  451  ls
  452  cd resume_generator/
  453  ls
  454  clear
  455  ls
  456  cat readme.txt 
  457  cd ../
  458  ls
  459  cd resume_generator/
  460  ls
  461  vim Makefile 
  462  make all
  463  ls
  464  chmod +x generator.py 
  465  ls
  466  git diff
  467  make all
  468  vim generator.py 
  469  git diff
  470  git status
  471  git add generator.py 
  472  git status
  473  git commit -m "FIX, TDY - Fixed a typo and changed mode of the python file."
  474  git config --global user.email "anushya816@gmail.com"
  475  git config --global user.name "anushyanu"
  476  git commit -m "FIX, TDY - Fixed a typo and changed mode of the python file."
  477  git push
  478  git push -u orgin master
  479  git pull
  480  git push
  481  vim /etc/bash.bashrc 
  482  sudo vim /etc/bash.bashrc 
  483  clear
  484  ls
  485  vim Makefile 
  486  ls
  487  cd ../
  488  ls
  489  cd ../
  490  ls
  491  clear
  492  ls
  493  gitpass
  494  cd ../
  495  ls
  496  cd ../
  497  ls
  498  cd ../
  499  ls
  500  cd voi/
  501  ls
  502  vim voi_spec.py 
  503  vimtutor 
  504  python
  505  ls
  506  vim convert_spec_to_python.py 
  507  ls
  508  cd sandbox/
  509  ls
  510  cd github/
  511  ls
  512  cd ../
  513  cd voi/
  514  ls
  515  python db_app.py 
  516  vim db_app.py 
  517  python db_app.py 
  518  vim db_app.py 
  519  python db_app.py 
  520  ls
  521  vim db_app.py 
  522  python db_app.py 
  523  clear
  524  ls
  525  vim currency_conv.py 
  526  ls
  527  vim voi_spec.txt 
  528  cd db
  529  ls
  530  watch ls -la
  531  chmod +x db_app.py 
  532  ls
  533  watch ls -la
  534  cldar
  535  ls
  536  vim db_app.py 
  537  ./db_app.py 
  538  vim db_app.py 
  539  ls
  540  rm -rf __pycache__/
  541  clear
  542  ls
  543  vim database.py 
  544  python db_app.py 
  545  ls
  546  rm -f customer.db 
  547  clear
  548  ls
  549  rm -rf __pycache__/
  550  clear
  551  ls
  552  tree -L 2
  553  watch tree -L 2
  554  clear
  555  ls
  556  cd ../resume_generator/
  557  ls
  558  vim generator.py 
  559  clear
  560  cd ../
  561  ls
  562  cd github/
  563  ls
  564  cd ../
  565  cd voi/
  566  ls
  567  cd db/
  568  ls
  569  cd ../
  570  ls
  571  python main.py 
  572  vim Makefile 
  573  ls
  574  cd ../
  575  ls
  576  cd scripts/
  577  ls
  578  vim convert_spec_to_python.py 
  579  ls
  580  cd ../
  581  ls
  582  echo $PYTHONPATH
  583  cd ../
  584  ls
  585  make clean
  586  make all
  587  make generate_spec 
  588  make clearn
  589  make clean
  590  ls
  591  clear
  592  make clean
  593  clear
  594  make all
  595  make generate_spec 
  596  make clean
  597  clear
  598  make all
  599  make generate_spec 
  600  ls
  601  vim Makefile
  602  ls
  603  make generate_spec 
  604  cd scripts/
  605  ls
  606  chmod +x convert_spec_to_python.py 
  607  ls
  608  cd ../
  609  clear
  610  ls
  611  vim Makefile 
  612  make generate_spec 
  613  ls
  614  make generate_spec 
  615  cd scripts/
  616  ls
  617  vim voi_spec.py 
  618  cd ../
  619  ls
  620  rm -f voi_spec.py 
  621  ls
  622  clear
  623  ls
  624  cd scripts/
  625  ls
  626  cd ../
  627  ls
  628  cd requirements/
  629  ls
  630  cd ../
  631  ls
  632  vim main.py 
  633  vim voi.py 
  634  ls
  635  clear
  636  python main.py 
  637  echo $PYTHONPATH
  638  cd db/
  639  ls
  640  pwd
  641  cd ../
  642  ls
  643  export PYTHONPATH=/home/anushya/sandbox/voi/db
  644  echo $PYTHONPATH
  645  python main.py 
  646  ls
  647  clear
  648  ls
  649  vim Makefile 
  650  python main.py 
  651  clear
  652  ls
  653  rm -f customer.db 
  654  ls
  655  cd db/
  656  ls
  657  vim db_app.py 
  658  python db_app.py 
  659  vim db_app.py 
  660  python db_app.py 
  661  vim db_app.py 
  662  python db_app.py 
  663  ls
  664  clear
  665  ls
  666  cd ../
  667  ls
  668  python main.py 
  669  vim main.py 
  670  cp db/customer.db .
  671  ls
  672  python main.py 
  673  ls
  674  rm -f customer.db 
  675  ls
  676  cd db/
  677  ls
  678  vim db_app.py 
  679  ls
  680  rm -f customer.db 
  681  ls
  682  cd ../
  683  ls
  684  clear
  685  ls
  686  make generate_db 
  687  ls
  688  make generate_db 
  689  ls
  690  make generate_db 
  691  echo $PYTHONPATH 
  692  ls
  693  make generate_db 
  694  clear
  695  ls
  696  make generate_db 
  697  ls
  698  cd db/
  699  ls
  700  clear
  701  ls
  702  make clean
  703  cd ../
  704  make clean
  705  ls
  706  cd db/
  707  ls
  708  clear
  709  ls
  710  cd ../
  711  ls
  712  clear
  713  ls
  714  make clean
  715  ls
  716  clear
  717  make clean
  718  make all
  719  ls
  720  make clean
  721  make generate_spec 
  722  make generate_db 
  723  python main.py 
  724  clear
  725  make clean
  726  make generate_spec 
  727  make generate_db
  728  make clean
  729  make generate_spec 
  730  python main.py 
  731  ls
  732  make clean
  733  clear
  734  ls
  735  python main.py 
  736  ls
  737  cd db/
  738  ls
  739  clear
  740  ls
  741  d ../
  742  ls
  743  cd ../
  744  ls
  745  ls
  746  cd sandbox/
  747  ls
  748  cd voi/
  749  ls
  750  clear
  751  ls
  752  mkdir docs
  753  ls
  754  mkdir requirements
  755  ls
  756  cp voi_spec.txt requirements/
  757  rm -f voi_spec.txt 
  758  ls
  759  mkdir db
  760  ls
  761  cp database.py db/
  762  cp db_app.py db
  763  ls
  764  rm -f database.py db_app.py 
  765  ls
  766  mkdir currency_converter
  767  cp currency_conv.py currency_conv
  768  rm -f currency_conv.py 
  769  ls
  770  mv currency_conv currency_converter.py
  771  vim currency_converter.py 
  772  cp currency_converter.py currency_converter
  773  ls
  774  rm -f currency_converter.py 
  775  ls
  776  vim example.py 
  777  cp example.py currency_converter/
  778  rm -f example.py 
  779  clear
  780  ls
  781  vim voi_ut.py 
  782  mkdir test
  783  mv voi_ut.py test/
  784  cd test/
  785  ls
  786  cd ../
  787  ls
  788  mkdir scripts
  789  cd scripts/
  790  cp ../convert_spec_to_python.py .
  791  ls
  792  cd ../
  793  rm -f convert_spec_to_python.py 
  794  ls
  795  vim voi_spec.py 
  796  cd requirements/
  797  ls
  798  cd ../scripts/
  799  ls
  800  vim convert_spec_to_python.py 
  801  ls
  802  vim convert_spec_to_python.py 
  803  ls
  804  vim convert_spec_to_python.py 
  805  pip install wagtail
  806  wagtail start mysite
  807  pip install -r requirements.txt
  808  python manage.py migrate
  809  python manage.py createsuperuser
  810  python manage.py runserver
  811  pip -v
  812  /home/anushya/sandbox/voi/main.py
  813  python main.py
  814  '/home/anushya/sandbox/voi/voi.py'
  815  python main.py
  816  node 
  817  mkdir basichttpserver
  818  cd basichttpserver/
  819  mkdir index.js
  820  cd index.js
  821  npm init
  822  ..
  823  ../
  824  ls
  825  cd 
  826  cd basichttpserver/
  827  npm init
  828  wget https://download.robomongo.org/1.2.1/linux/robo3t-1.2.1-linux-x86_64-3e50a65.tar.gz
  829  sudo mkdir /usr/local/bin/robo3t
  830  sudo mv  robo3t-1.2.1-linux-x86_64-3e50a65/* /usr/local/bin/robo3t
  831  wget https://download.robomongo.org/1.2.1/linux/robo3t-1.2.1-linux-x86_64-3e50a65.tar.gz
  832  tar -xvzf robo3t-1.2.1-linux-x86_64-3e50a65.tar.gz
  833  sudo apt update
  834  sudo apt upgrade
  835  wget https://download.robomongo.org/1.2.1/linux/robo3t-1.2.1-linux-x86_64-3e50a65.tar.gz
  836  tar -xvzf robo3t-1.2.1-linux-x86_64-3e50a65.tar.gz
  837  cd
  838  cd Downloads/
  839  ls
  840  cd studio-3t-linux-x64.sh
  841  studio-3t-linux-x64 (1).tar.gz
  842  studio-3t-linux-x64.tar.gz
  843  studio-3t-linux-x64.sh
  844  pwd studio-3t-linux-x64.sh
  845  ..
  846  .../
  847  ../
  848  ./
  849  /home/anushya/Downloads/index.js
  850  index.js
  851  node index.js
  852  /home/anushya/Downloads/Untitled Folder/index.js
  853  node index.js
  854  '/home/anushya/Downloads/Untitled Folder/index.js'
  855  node index.js
  856  '/home/anushya/Downloads/Untitled Folder/index.js'
  857  node index.js
  858  '/home/anushya/Downloads/Untitled Folder/index.js'
  859  node index.js
  860  /home/anushya/Downloads/Untitled Folder/index.js
  861  node index.js
  862  '/home/anushya/Downloads/Untitled Folder/index.js'
  863  node index.js
  864  ping 192.168.0.21
  865  nmap
  866  sudo apt-get install nmap
  867  nmap
  868  nmap -v 192.168.0.21
  869  nmap -help
  870  ssh anushya@192.168.0.21
  871  ssh -X anushya@192.168.0.21
  872  ssh-keygen -f "/home/anushya/.ssh/known_hosts" -R "192.168.0.21"
  873  ssh anushya@192.168.0.21
  874  '/home/anushya/Downloads/Untitled Folder/index.html'
  875  index.js
  876  node index.js
  877  clear
  878  printenv 
  879  exit
  880  SH
  881  s
  882  sh
  883  /usr/bin/dash
  884  bash -v
  885  cd ~/Documents/
  886  ls
  887  mkdir fpga
  888  ls
  889  cd fpga/
  890  ls
  891  cat fpga.txt
  892  touch fpga.txt
  893  ls
  894  cd
  895  export FPGA=
  896  export FPGA=~/Documents/fpga/
  897  echo $FPGA 
  898  printenv 
  899  echo $FPGA
  900  vim ~/.bashrc 
  901  echo $FPGA
  902  echo $FPGA 
  903  cd $FPGA
  904  sh
  905  echo $SHELL
  906  dash 
  907  /home/anushya/Downloads/Untitled Folder/try.py
  908  python try.py
  909  vim q3.txt 
  910  exit
  911  pip install virtualenv
  912  virtualenv env
  913  env\scripts\activate
  914  source venv/bin/activate
  915  cd venv
  916  cd venv/Scripts/
  917  cd env
  918  Scripts\activate
  919  scripts\activate
  920  source /home/anushya/studydj/env/bin/activate
  921  python manage.py runserver
  922  source /home/anushya/studydj/env/bin/activate
  923  python manage.py runserver
  924  '/home/anushya/python_basics/make.js'
  925  node make.js
  926  mkdir dummy calc
  927  touch index.html style.css index.js
  928  mkdir dummy calc
  929  cd dummy/
  930  ls
  931  touch index.html style.css index.js
  932  ls
  933  cd ..
  934  cd calculator_using_javascript/
  935  ls
  936  cd index.html
  937  index1.html
  938  sudo apt-cache search docker
  939  sudo apt-get install docker docker.io
  940  docker -v
  941  sudo systemctl status docker
  942  docker
  943  sudo docker image
  944  sudo docker image help
  945  docker info
  946  sudo docker info
  947  sudo docker system elp
  948  sudo docker system events
  949  sudo docker events help
  950  sudo docker system prune
  951  sudo docker search busapp
  952  sudo docker search httpd
  953  sudo docker images
  954  sudo docker pull httpd
  955  sudo docker images
  956  sudo docker pull alphine
  957  sudo docker pull alpine
  958  sudo docker images
  959  sudo docker system df
  960  sudo docker run
  961  sudo docker ps
  962  sudo docker run --name web1 httpd
  963  sudo docker status
  964  sudo docker ps
  965  sudo docker -d--name web1 httpd
  966  sudo docker -d --name web1 httpd
  967  sudo docker run -d --name web1 httpd
  968  sudo docker ps
  969  sudo docker ps-a
  970  sudo docker ps -a
  971  sudo docker run -d--name web2 httpd
  972  sudo docker run -d --name web2 httpd
  973  sudo docker ps
  974  sudo docker exec -it web2/bin/sh
  975  sudo docker exec -it web2 /bin/sh
  976  sudo docker exec uname -a
  977  sudo docker exec web2 uname -a
  978  sudo docker exec web2 mkdir /tmp/yan
  979  sudo docker exec web2 ls
  980  sudo docker exec web2 ls /tmp
  981  sudo docker exec web2 ls  /bin
  982  sudo docker exec -it web2 /bin/bash
  983  sudo docker stop
  984  sudo docker stop 2
  985  sudo docker stop --help
  986  sudo docker rm web1
  987  sudo docker rm web2
  988  sudo docker rm -f web2
  989  sudo docker images
  990  sudo docker ps
  991  sudo docker stats
  992  '/home/anushya/move_ball/trial.js'
  993  node trial.js
  994  vim
  995  cd Desktop/
  996  ls
  997  cd robo3t
  998  ls
  999  cd..
 1000  cd.
 1001  cd .
 1002  . .
 1003  cd . .
 1004  cd ..
 1005  mv robo3t-1.4.4-linux-x86_64-e6ac9ec.tar.gz
 1006  mv robo3t-1.4.4-linux-x86_64-e6ac9ec/* robo3t
 1007  sudo chmod +x robo3t ./robo3t
 1008  ./robo3t
 1009  cd robo3t
 1010  ls
 1011  ls bin
 1012  robo3t
 1013  cd robo3t
 1014  cd ..
 1015  mongo
 1016  '/home/anushya/basichttpserver/index.js'
 1017  node index.js
 1018  mongo
 1019  robo3t
 1020  cd robo3t
 1021  cd Desktop/robo3t
 1022  ls
 1023  Desktop/cd 
 1024  cd Desktop/
 1025  cd robo3t
 1026  ls
 1027  cd bin
 1028  ls
 1029  sudo chmod +x robo3t ./robo3t
 1030  sudo nano /usr/share/applications/robo3t.desktop [Desktop Entry]
 1031  cd Desktop/
 1032  cd robo3t
 1033  ls
 1034  cd bin
 1035  ls
 1036  ./robo3t
 1037  which node
 1038  find $(echo $PATH | sed 's/:/ /g') -name "node"
 1039  sudo rm /usr/bin/node
 1040  sudo apt-get remove nodejs
 1041  node
 1042  sudo apt-get purge nodejs
 1043  lsb_release -a
 1044  sudo apt update
 1045  sudo apt install nodejs
 1046  node -v
 1047  sudo apt remove nodejs
 1048  nvm current
 1049  sudo apt update
 1050  curl -sL https://deb.nodesource.com/setup_14.x | sudo bash -
 1051  sudo apt -y install nodejs
 1052  node -v
 1053  curl -fsSL https://www.mongodb.org/static/pgp/server-4.4.asc | sudo apt-key add -
 1054  apt-key list
 1055  echo "deb [ arch=amd64,arm64 ] https://repo.mongodb.org/apt/ubuntu focal/mongodb-org/4.4 multiverse" | sudo tee /etc/apt/sources.list.d/mongodb-org-4.4.list
 1056  sudo apt update
 1057  sudo apt install mongodb-org
 1058  sudo systemctl start mongod.service
 1059  sudo systemctl status mongod
 1060  sudo systemctl enable mongod
 1061  mongo --eval 'db.runCommand({ connectionStatus: 1 })'
 1062  sudo systemctl status mongod
 1063  mongo
 1064  bin ./robo3t
 1065  cd Desktop/
 1066  bin ./robo3t
 1067  '/home/anushya/javascript_basics/promise_eg.js'
 1068  node promise_eg.js
 1069  '/home/anushya/javascript_basics/async.js'
 1070  node async.js
 1071  pip install selenium
 1072  cd Downloads/
 1073  ls
 1074  ls *.pem
 1075  ssh -i "ec2_v1.pem" ubuntu@ec2-13-49-231-9.eu-north-1.compute.amazonaws.com
 1076  chmod 400 ec2_v1.pem
 1077  ssh -i "ec2_v1.pem" ubuntu@ec2-13-49-231-9.eu-north-1.compute.amazonaws.com
 1078  ls
 1079  ec2_v1.pem
 1080  ls
 1081  ls ec2_v1.pem 
 1082  ssh -i "ec2_v1.pem" ubuntu@ec2-13-49-231-9.eu-north-1.compute.amazonaws.com
 1083  lsb_release -a
 1084  sudo apt install mysql-server
 1085  sudo systemctl status mysql
 1086  sudo mysql_secure_installation
 1087  sudo sytemctl status mysql
 1088  sudo systemctl status mysql
 1089  sudo mysql_secure_installation
 1090  sudo killall -9 mysql_secure_installation
 1091  sudo mysql
 1092  sudo mysql_secure_installation
 1093  sudo killall -9 mysql_secure_installation
 1094  sudo mysql
 1095  sudo mysql ALTER USER 'root'@'localhost' IDENTIFIED WITH mysql_native_password BY 'Yanudb05!';
 1096  sudo mysql_secure_installation
 1097  sudo mv chromedriver /usr/local/bin
 1098  export PATH=$PATH:/usr/local/bin/chromedriver
 1099  ls -l/usr/local
 1100  ls
 1101  cd Computer
 1102  ls
 1103  cd chromedriver
 1104  ls
 1105  bin
 1106  sudo cd /usr/local/bin/
 1107  ls -l/usr/local
 1108  ls-l/usr/local
 1109  pip install selenium 4
 1110  -a python
 1111  whereis python3
 1112  python --v
 1113  python -v
 1114  lsb_release -a
 1115  sudo apt-get update
 1116  sudo apt-get install ./docker-desktop-<version>-<arch>.deb
 1117  systemctl --user start docker-desktop
 1118  docker --version
 1119  systemctl --user enable docker-desktop
 1120  docker version
 1121  sudo apt-get install ./docker-desktop-<version>-<arch>.deb
 1122  sudo apt install gnome-terminal
 1123  sudo apt remove docker-desktop
 1124  rm -r $HOME/.docker/desktop
 1125  sudo rm /usr/local/bin/com.docker.cli
 1126  sudo apt purge docker-desktop
 1127  rm -r $HOME/.docker/desktop
 1128  sudo rm /usr/local/bin/com.docker.cli
 1129  sudo apt purge docker-desktop
 1130  cd git
 1131  mkdir git
 1132  cd git 
 1133  git clone https://github.com/anushyanu/pytest-intro-vs.git
 1134  ls
 1135  cd pytest-intro-vs/
 1136  ls
 1137  echo $USER
 1138  pytest -v -s testCases/test_login.py
 1139  cd test/
 1140  ls
 1141  cd ../
 1142  mkdir temp
 1143  cd test/
 1144  ls
 1145  cd 
 1146  ls
 1147  cd test/
 1148  ls
 1149  cd ../
 1150  ls
 1151  cd temp/
 1152  ls
 1153  clear
 1154  ls
 1155  vim test.py
 1156  python -v
 1157  python test.py 
 1158  ls
 1159  vim app.log 
 1160  clear
 1161  ls
 1162  python version
 1163  python --version
 1164  cd PycharmProjects/hybridFramework/
 1165  ls
 1166  vim Makefile 
 1167  make all
 1168  vim Makefile 
 1169  make clean
 1170  make all
 1171  ../
 1172  cd ../
 1173  git pass
 1174  gitpass
 1175  cd git
 1176  ls
 1177  git clone https://github.com/anushyanu/selenium_hybridf.git
 1178  ls
 1179  cd selenium_hybridf/
 1180  pwd
 1181  cp -r /home/anushya/PycharmProjects/hybridFramework/* .
 1182  ls
 1183  diff -arq . /home/anushya/PycharmProjects/hybridFramework/
 1184  cd git
 1185  cd .git
 1186  ls
 1187  cd ../
 1188  git status
 1189  make clean
 1190  make rmlog
 1191  git add .
 1192  git status
 1193  git commit -m "selenium hybrid framework first commit"
 1194  git push
 1195  history
 1196  history > git_commands.log
 
 1166  tree -L 1
 1167  tree -L 2
 1168  watch tree -L 2
 1169  pwd
 1170  ls
 1171  pwd
 1172  gitpass
 1173  ls
 1174  exiyt
 1175  exit
 1176  ls
 1177  rm -f README.md 
 1178  git status
 1179  git pull
 1180  ls
 1181  git fetch
 1182  ls
 1183  git rebase
 1184  git checkout -- .
 1185  ls
 1186  history

